<?xml version="1.0" encoding="UTF-8"?>
<!-- Generated by org.testng.reporters.JUnitReportReporter -->
<testsuite hostname="Anas-MacBook-Pro-2.local" failures="0" tests="1" name="com.google.qa.FirstTest" time="38.594" errors="0" timestamp="25 Jan 2023 04:34:34 GMT" skipped="0">
  <testcase classname="com.google.qa.FirstTest" name="f" time="38.594"/>
</testsuite> <!-- com.google.qa.FirstTest -->
